{"C:\\Users\\Konstantin\\Desktop\\react-project-setup\\React-project\\src\\errorBoundary\\ErrorBoundary.tsx": {"path":"C:\\Users\\Konstantin\\Desktop\\react-project-setup\\React-project\\src\\errorBoundary\\ErrorBoundary.tsx","statementMap":{"0":{"start":{"line":13,"column":4},"end":{"line":13,"column":17}},"1":{"start":{"line":14,"column":4},"end":{"line":16,"column":6}},"2":{"start":{"line":20,"column":4},"end":{"line":20,"column":30}},"3":{"start":{"line":24,"column":4},"end":{"line":24,"column":70}},"4":{"start":{"line":28,"column":4},"end":{"line":35,"column":5}},"5":{"start":{"line":29,"column":6},"end":{"line":34,"column":8}},"6":{"start":{"line":37,"column":4},"end":{"line":37,"column":31}}},"fnMap":{"0":{"name":"(anonymous_0)","decl":{"start":{"line":12,"column":2},"end":{"line":12,"column":3}},"loc":{"start":{"line":12,"column":41},"end":{"line":17,"column":3}},"line":12},"1":{"name":"(anonymous_1)","decl":{"start":{"line":19,"column":2},"end":{"line":19,"column":3}},"loc":{"start":{"line":19,"column":56},"end":{"line":21,"column":3}},"line":19},"2":{"name":"(anonymous_2)","decl":{"start":{"line":23,"column":2},"end":{"line":23,"column":3}},"loc":{"start":{"line":23,"column":56},"end":{"line":25,"column":3}},"line":23},"3":{"name":"(anonymous_3)","decl":{"start":{"line":27,"column":2},"end":{"line":27,"column":3}},"loc":{"start":{"line":27,"column":11},"end":{"line":38,"column":3}},"line":27}},"branchMap":{"0":{"loc":{"start":{"line":28,"column":4},"end":{"line":35,"column":5}},"type":"if","locations":[{"start":{"line":28,"column":4},"end":{"line":35,"column":5}},{"start":{},"end":{}}],"line":28}},"s":{"0":3,"1":3,"2":2,"3":1,"4":5,"5":2,"6":3},"f":{"0":3,"1":2,"2":1,"3":5},"b":{"0":[2,3]},"_coverageSchema":"1a1c01bbd47fc00a2c39e90264f33305004495a9","hash":"fb1c783b75be83eba841fe4598b4a71f15538275"}
}
